  hud.cpp
c:\users\theod\documents\visual studio 2017\projects\sdltut\sdltut\sprite.h(28): warning C4244: 'return': conversion from 'float' to 'const int', possible loss of data
c:\users\theod\documents\visual studio 2017\projects\sdltut\sdltut\sprite.h(29): warning C4244: 'return': conversion from 'float' to 'const int', possible loss of data
c:\users\theod\documents\visual studio 2017\projects\sdltut\sdltut\slope.h(15): warning C4244: '=': conversion from 'double' to 'float', possible loss of data
  Generating Code...
  Compiling...
  main.cpp
c:\users\theod\documents\visual studio 2017\projects\sdltut\sdltut\sprite.h(28): warning C4244: 'return': conversion from 'float' to 'const int', possible loss of data
c:\users\theod\documents\visual studio 2017\projects\sdltut\sdltut\sprite.h(29): warning C4244: 'return': conversion from 'float' to 'const int', possible loss of data
c:\users\theod\documents\visual studio 2017\projects\sdltut\sdltut\slope.h(15): warning C4244: '=': conversion from 'double' to 'float', possible loss of data
  game.cpp
c:\users\theod\documents\visual studio 2017\projects\sdltut\sdltut\sprite.h(28): warning C4244: 'return': conversion from 'float' to 'const int', possible loss of data
c:\users\theod\documents\visual studio 2017\projects\sdltut\sdltut\sprite.h(29): warning C4244: 'return': conversion from 'float' to 'const int', possible loss of data
c:\users\theod\documents\visual studio 2017\projects\sdltut\sdltut\slope.h(15): warning C4244: '=': conversion from 'double' to 'float', possible loss of data
c:\users\theod\documents\visual studio 2017\projects\sdltut\sdltut\game.cpp(86): warning C4244: 'argument': conversion from 'int' to 'float', possible loss of data
c:\users\theod\documents\visual studio 2017\projects\sdltut\sdltut\game.cpp(104): warning C4244: 'argument': conversion from 'float' to 'int', possible loss of data
c:\users\theod\documents\visual studio 2017\projects\sdltut\sdltut\game.cpp(105): warning C4244: 'argument': conversion from 'float' to 'int', possible loss of data
  Generating Code...
  SDLTuT.vcxproj -> C:\Users\Theod\documents\visual studio 2017\Projects\SDLTuT\Debug\SDLTuT.exe
  SDLTuT.vcxproj -> C:\Users\Theod\documents\visual studio 2017\Projects\SDLTuT\Debug\SDLTuT.pdb (Partial PDB)
